TN:
SF:src\config\env.ts
FN:4,getEnv
FN:20,getNumberEnv
FN:40,getBooleanEnv
FN:137,validateConfig
FN:160,printConfig
FNF:5
FNH:3
FNDA:40,getEnv
FNDA:10,getNumberEnv
FNDA:6,getBooleanEnv
FNDA:0,validateConfig
FNDA:0,printConfig
DA:1,2
DA:2,2
DA:5,40
DA:7,40
DA:8,0
DA:9,0
DA:12,0
DA:15,40
DA:21,10
DA:23,10
DA:24,0
DA:25,0
DA:27,0
DA:31,10
DA:33,10
DA:34,0
DA:37,10
DA:41,6
DA:43,6
DA:44,0
DA:45,0
DA:47,0
DA:50,6
DA:53,2
DA:137,2
DA:138,0
DA:140,0
DA:142,0
DA:143,0
DA:146,0
DA:147,0
DA:150,0
DA:151,0
DA:155,0
DA:160,2
DA:161,0
DA:162,0
DA:164,0
DA:165,0
DA:166,0
DA:167,0
DA:168,0
DA:169,0
DA:170,0
DA:171,0
DA:172,0
DA:173,0
DA:174,0
DA:175,0
DA:178,2
LF:50
LH:17
BRDA:7,0,0,0
BRDA:7,0,1,40
BRDA:8,1,0,0
BRDA:8,1,1,0
BRDA:23,2,0,0
BRDA:23,2,1,10
BRDA:24,3,0,0
BRDA:24,3,1,0
BRDA:33,4,0,0
BRDA:33,4,1,10
BRDA:43,5,0,0
BRDA:43,5,1,6
BRDA:44,6,0,0
BRDA:44,6,1,0
BRDA:50,7,0,6
BRDA:50,7,1,0
BRDA:50,7,2,0
BRDA:140,8,0,0
BRDA:140,8,1,0
BRDA:142,9,0,0
BRDA:142,9,1,0
BRDA:146,10,0,0
BRDA:146,10,1,0
BRDA:150,11,0,0
BRDA:150,11,1,0
BRDA:161,12,0,0
BRDA:161,12,1,0
BRF:27
BRH:5
end_of_record
TN:
SF:src\config\server.ts
FNF:0
FNH:0
DA:1,0
DA:3,0
DA:10,0
LF:3
LH:0
BRF:0
BRH:0
end_of_record
TN:
SF:src\config\swagger.ts
FNF:0
FNH:0
DA:1,0
DA:2,0
DA:4,0
DA:188,0
DA:193,0
LF:5
LH:0
BRF:0
BRH:0
end_of_record
TN:
SF:src\controllers\admin.controller.ts
FN:7,(anonymous_0)
FNF:1
FNH:0
FNDA:0,(anonymous_0)
DA:2,0
DA:3,0
DA:5,0
DA:7,0
DA:8,0
DA:10,0
LF:6
LH:0
BRF:0
BRH:0
end_of_record
TN:
SF:src\controllers\auth.controller.ts
FN:8,(anonymous_1)
FN:24,(anonymous_2)
FN:38,(anonymous_3)
FN:52,(anonymous_4)
FN:65,(anonymous_5)
FNF:5
FNH:0
FNDA:0,(anonymous_1)
FNDA:0,(anonymous_2)
FNDA:0,(anonymous_3)
FNDA:0,(anonymous_4)
FNDA:0,(anonymous_5)
DA:2,0
DA:3,0
DA:4,0
DA:6,0
DA:8,0
DA:9,0
DA:11,0
DA:13,0
DA:15,0
DA:24,0
DA:25,0
DA:27,0
DA:29,0
DA:31,0
DA:38,0
DA:39,0
DA:41,0
DA:43,0
DA:45,0
DA:52,0
DA:53,0
DA:55,0
DA:57,0
DA:59,0
DA:65,0
DA:66,0
DA:68,0
DA:70,0
DA:72,0
LF:29
LH:0
BRF:0
BRH:0
end_of_record
TN:
SF:src\controllers\health.controller.ts
FN:28,(anonymous_0)
FN:68,(anonymous_1)
FNF:2
FNH:0
FNDA:0,(anonymous_0)
FNDA:0,(anonymous_1)
DA:3,0
DA:29,0
DA:69,0
DA:76,0
LF:4
LH:0
BRDA:73,0,0,0
BRDA:73,0,1,0
BRF:2
BRH:0
end_of_record
TN:
SF:src\controllers\task.controller.ts
FN:34,(anonymous_1)
FN:64,(anonymous_2)
FN:89,(anonymous_3)
FN:129,(anonymous_4)
FN:11,(anonymous_5)
FN:160,catchAsync
FN:161,(anonymous_7)
FN:162,(anonymous_8)
FNF:8
FNH:0
FNDA:0,(anonymous_1)
FNDA:0,(anonymous_2)
FNDA:0,(anonymous_3)
FNDA:0,(anonymous_4)
FNDA:0,(anonymous_5)
FNDA:0,catchAsync
FNDA:0,(anonymous_7)
FNDA:0,(anonymous_8)
DA:2,0
DA:5,0
DA:7,0
DA:11,0
DA:12,0
DA:14,0
DA:16,0
DA:17,0
DA:18,0
DA:19,0
DA:20,0
DA:22,0
DA:23,0
DA:25,0
DA:27,0
DA:35,0
DA:37,0
DA:39,0
DA:41,0
DA:42,0
DA:48,0
DA:54,0
DA:56,0
DA:65,0
DA:66,0
DA:68,0
DA:70,0
DA:72,0
DA:74,0
DA:80,0
DA:82,0
DA:90,0
DA:92,0
DA:94,0
DA:96,0
DA:97,0
DA:103,0
DA:105,0
DA:106,0
DA:112,0
DA:119,0
DA:121,0
DA:130,0
DA:132,0
DA:134,0
DA:136,0
DA:137,0
DA:143,0
DA:149,0
DA:151,0
DA:161,0
DA:162,0
DA:163,0
DA:164,0
LF:54
LH:0
BRDA:41,0,0,0
BRDA:41,0,1,0
BRDA:59,1,0,0
BRDA:59,1,1,0
BRDA:85,2,0,0
BRDA:85,2,1,0
BRDA:96,3,0,0
BRDA:96,3,1,0
BRDA:105,4,0,0
BRDA:105,4,1,0
BRDA:124,5,0,0
BRDA:124,5,1,0
BRDA:136,6,0,0
BRDA:136,6,1,0
BRDA:154,7,0,0
BRDA:154,7,1,0
BRDA:16,8,0,0
BRDA:16,8,1,0
BRDA:17,9,0,0
BRDA:17,9,1,0
BRDA:18,10,0,0
BRDA:18,10,1,0
BRDA:19,11,0,0
BRDA:19,11,1,0
BRDA:20,12,0,0
BRDA:20,12,1,0
BRDA:22,13,0,0
BRDA:22,13,1,0
BRDA:23,14,0,0
BRDA:23,14,1,0
BRDA:167,15,0,0
BRDA:167,15,1,0
BRF:32
BRH:0
end_of_record
TN:
SF:src\controllers\user.controller.ts
FN:10,(anonymous_1)
FN:31,(anonymous_2)
FN:42,(anonymous_3)
FN:57,(anonymous_4)
FN:71,(anonymous_5)
FN:85,(anonymous_6)
FN:108,(anonymous_7)
FNF:7
FNH:0
FNDA:0,(anonymous_1)
FNDA:0,(anonymous_2)
FNDA:0,(anonymous_3)
FNDA:0,(anonymous_4)
FNDA:0,(anonymous_5)
FNDA:0,(anonymous_6)
FNDA:0,(anonymous_7)
DA:2,0
DA:3,0
DA:4,0
DA:5,0
DA:6,0
DA:8,0
DA:10,0
DA:11,0
DA:13,0
DA:15,0
DA:16,0
DA:17,0
DA:19,0
DA:20,0
DA:22,0
DA:24,0
DA:31,0
DA:32,0
DA:34,0
DA:36,0
DA:42,0
DA:43,0
DA:44,0
DA:46,0
DA:48,0
DA:50,0
DA:57,0
DA:58,0
DA:59,0
DA:61,0
DA:63,0
DA:65,0
DA:71,0
DA:72,0
DA:73,0
DA:75,0
DA:77,0
DA:79,0
DA:85,0
DA:86,0
DA:88,0
DA:89,0
DA:92,0
DA:94,0
DA:96,0
DA:108,0
DA:109,0
DA:111,0
DA:113,0
LF:49
LH:0
BRDA:15,0,0,0
BRDA:15,0,1,0
BRDA:16,1,0,0
BRDA:16,1,1,0
BRDA:17,2,0,0
BRDA:17,2,1,0
BRDA:19,3,0,0
BRDA:19,3,1,0
BRDA:20,4,0,0
BRDA:20,4,1,0
BRDA:88,5,0,0
BRDA:88,5,1,0
BRF:12
BRH:0
end_of_record
TN:
SF:src\database\connection.ts
FN:24,(anonymous_1)
FNF:1
FNH:0
FNDA:0,(anonymous_1)
DA:1,0
DA:2,0
DA:3,0
DA:4,0
DA:6,0
DA:7,0
DA:9,0
DA:10,0
DA:11,0
DA:15,0
DA:19,0
DA:21,0
DA:22,0
DA:24,0
DA:25,0
DA:26,0
DA:27,0
DA:28,0
DA:31,0
DA:32,0
DA:34,0
LF:21
LH:0
BRDA:9,0,0,0
BRDA:9,0,1,0
BRDA:16,1,0,0
BRDA:16,1,1,0
BRF:4
BRH:0
end_of_record
TN:
SF:src\database\init.ts
FN:4,(anonymous_1)
FN:21,(anonymous_2)
FNF:2
FNH:0
FNDA:0,(anonymous_1)
FNDA:0,(anonymous_2)
DA:1,0
DA:2,0
DA:4,0
DA:5,0
DA:7,0
DA:8,0
DA:10,0
DA:12,0
DA:15,0
DA:16,0
DA:21,0
DA:22,0
DA:24,0
DA:26,0
DA:27,0
DA:28,0
DA:31,0
DA:34,0
DA:39,0
DA:50,0
DA:61,0
DA:72,0
DA:74,0
DA:79,0
DA:88,0
DA:97,0
DA:99,0
DA:104,0
DA:106,0
DA:108,0
DA:110,0
DA:112,0
DA:117,0
DA:128,0
DA:139,0
DA:150,0
DA:161,0
DA:172,0
DA:174,0
DA:177,0
LF:40
LH:0
BRDA:26,0,0,0
BRDA:26,0,1,0
BRF:2
BRH:0
end_of_record
TN:
SF:src\database\schema.ts
FN:5,(anonymous_1)
FN:173,(anonymous_2)
FN:186,(anonymous_3)
FNF:3
FNH:0
FNDA:0,(anonymous_1)
FNDA:0,(anonymous_2)
FNDA:0,(anonymous_3)
DA:2,0
DA:5,0
DA:7,0
DA:10,0
DA:27,0
DA:30,0
DA:57,0
DA:60,0
DA:80,0
DA:83,0
DA:121,0
DA:133,0
DA:135,0
DA:140,0
DA:145,0
DA:147,0
DA:152,0
DA:157,0
DA:162,0
DA:167,0
DA:169,0
DA:173,0
DA:174,0
DA:176,0
DA:177,0
DA:178,0
DA:179,0
DA:180,0
DA:182,0
DA:186,0
DA:187,0
DA:189,0
DA:191,0
DA:193,0
LF:34
LH:0
BRF:0
BRH:0
end_of_record
TN:
SF:src\jobs\backup.job.ts
FN:7,(anonymous_1)
FN:31,(anonymous_2)
FN:35,(anonymous_3)
FN:36,(anonymous_4)
FN:41,(anonymous_5)
FN:45,(anonymous_6)
FNF:6
FNH:0
FNDA:0,(anonymous_1)
FNDA:0,(anonymous_2)
FNDA:0,(anonymous_3)
FNDA:0,(anonymous_4)
FNDA:0,(anonymous_5)
FNDA:0,(anonymous_6)
DA:1,0
DA:2,0
DA:3,0
DA:5,0
DA:8,0
DA:10,0
DA:11,0
DA:12,0
DA:14,0
DA:15,0
DA:18,0
DA:19,0
DA:21,0
DA:23,0
DA:25,0
DA:27,0
DA:32,0
DA:34,0
DA:35,0
DA:36,0
DA:41,0
DA:43,0
DA:44,0
DA:45,0
DA:46,0
DA:47,0
LF:26
LH:0
BRDA:14,0,0,0
BRDA:14,0,1,0
BRDA:43,1,0,0
BRDA:43,1,1,0
BRF:4
BRH:0
end_of_record
TN:
SF:src\jobs\cleanup.job.ts
FN:8,(anonymous_1)
FN:20,(anonymous_2)
FN:51,(anonymous_3)
FN:59,(anonymous_4)
FNF:4
FNH:0
FNDA:0,(anonymous_1)
FNDA:0,(anonymous_2)
FNDA:0,(anonymous_3)
FNDA:0,(anonymous_4)
DA:1,0
DA:2,0
DA:3,0
DA:4,0
DA:6,0
DA:9,0
DA:11,0
DA:13,0
DA:14,0
DA:16,0
DA:21,0
DA:23,0
DA:24,0
DA:25,0
DA:27,0
DA:28,0
DA:29,0
DA:31,0
DA:32,0
DA:33,0
DA:35,0
DA:36,0
DA:37,0
DA:41,0
DA:42,0
DA:44,0
DA:47,0
DA:52,0
DA:56,0
DA:60,0
DA:61,0
DA:62,0
LF:32
LH:0
BRDA:13,0,0,0
BRDA:13,0,1,0
BRDA:35,1,0,0
BRDA:35,1,1,0
BRDA:41,2,0,0
BRDA:41,2,1,0
BRF:6
BRH:0
end_of_record
TN:
SF:src\jobs\index.ts
FN:58,(anonymous_1)
FN:41,initializeJobs
FN:44,(anonymous_3)
FN:50,(anonymous_4)
FN:53,stopJobs
FNF:5
FNH:0
FNDA:0,(anonymous_1)
FNDA:0,initializeJobs
FNDA:0,(anonymous_3)
FNDA:0,(anonymous_4)
FNDA:0,stopJobs
DA:1,0
DA:2,0
DA:3,0
DA:4,0
DA:5,0
DA:6,0
DA:8,0
DA:41,0
DA:42,0
DA:44,0
DA:45,0
DA:48,0
DA:50,0
DA:53,0
DA:54,0
DA:55,0
DA:58,0
LF:17
LH:0
BRDA:25,0,0,0
BRDA:25,0,1,0
BRF:2
BRH:0
end_of_record
TN:
SF:src\jobs\task-reminder.job.ts
FN:9,(anonymous_1)
FN:22,(anonymous_2)
FN:61,(anonymous_3)
FN:62,(anonymous_4)
FNF:4
FNH:0
FNDA:0,(anonymous_1)
FNDA:0,(anonymous_2)
FNDA:0,(anonymous_3)
FNDA:0,(anonymous_4)
DA:1,0
DA:2,0
DA:3,0
DA:4,0
DA:5,0
DA:7,0
DA:10,0
DA:12,0
DA:13,0
DA:14,0
DA:15,0
DA:17,0
DA:18,0
DA:20,0
DA:22,0
DA:23,0
DA:24,0
DA:25,0
DA:27,0
DA:28,0
DA:31,0
DA:33,0
DA:35,0
DA:36,0
DA:38,0
DA:40,0
DA:47,0
DA:48,0
DA:49,0
DA:52,0
DA:55,0
DA:57,0
DA:62,0
LF:33
LH:0
BRDA:23,0,0,0
BRDA:23,0,1,0
BRDA:24,1,0,0
BRDA:24,1,1,0
BRDA:25,2,0,0
BRDA:25,2,1,0
BRDA:28,3,0,0
BRDA:28,3,1,0
BRDA:38,4,0,0
BRDA:38,4,1,0
BRDA:38,5,0,0
BRDA:38,5,1,0
BRDA:42,6,0,0
BRDA:42,6,1,0
BRDA:47,7,0,0
BRDA:47,7,1,0
BRF:16
BRH:0
end_of_record
TN:
SF:src\middleware\auth.middleware.ts
FN:18,(anonymous_0)
FN:54,(anonymous_1)
FN:55,(anonymous_2)
FNF:3
FNH:0
FNDA:0,(anonymous_0)
FNDA:0,(anonymous_1)
FNDA:0,(anonymous_2)
DA:2,0
DA:3,0
DA:18,0
DA:19,0
DA:20,0
DA:22,0
DA:23,0
DA:26,0
DA:27,0
DA:30,0
DA:32,0
DA:33,0
DA:36,0
DA:38,0
DA:44,0
DA:46,0
DA:47,0
DA:49,0
DA:54,0
DA:55,0
DA:56,0
DA:57,0
DA:60,0
DA:62,0
DA:63,0
DA:69,0
LF:26
LH:0
BRDA:22,0,0,0
BRDA:22,0,1,0
BRDA:26,1,0,0
BRDA:26,1,1,0
BRDA:32,2,0,0
BRDA:32,2,1,0
BRDA:46,3,0,0
BRDA:46,3,1,0
BRDA:56,4,0,0
BRDA:56,4,1,0
BRDA:62,5,0,0
BRDA:62,5,1,0
BRF:12
BRH:0
end_of_record
TN:
SF:src\middleware\error.middleware.ts
FN:8,(anonymous_1)
FN:72,(anonymous_2)
FN:100,(anonymous_3)
FN:101,(anonymous_4)
FNF:4
FNH:0
FNDA:0,(anonymous_1)
FNDA:0,(anonymous_2)
FNDA:0,(anonymous_3)
FNDA:0,(anonymous_4)
DA:2,0
DA:3,0
DA:8,0
DA:15,0
DA:16,0
DA:17,0
DA:23,0
DA:30,0
DA:35,0
DA:36,0
DA:40,0
DA:41,0
DA:42,0
DA:43,0
DA:45,0
DA:46,0
DA:50,0
DA:52,0
DA:61,0
DA:62,0
DA:65,0
DA:66,0
DA:69,0
DA:72,0
DA:79,0
DA:82,0
DA:100,0
DA:101,0
DA:102,0
LF:29
LH:0
BRDA:15,0,0,0
BRDA:15,0,1,0
BRDA:16,1,0,0
BRDA:16,1,1,0
BRDA:40,2,0,0
BRDA:40,2,1,0
BRDA:45,3,0,0
BRDA:45,3,1,0
BRDA:61,4,0,0
BRDA:61,4,1,0
BRDA:65,5,0,0
BRDA:65,5,1,0
BRF:12
BRH:0
end_of_record
TN:
SF:src\middleware\rate-limit.middleware.ts
FN:17,(anonymous_1)
FN:41,(anonymous_2)
FNF:2
FNH:0
FNDA:0,(anonymous_1)
FNDA:0,(anonymous_2)
DA:1,0
DA:2,0
DA:4,0
DA:18,0
DA:29,0
DA:42,0
DA:53,0
DA:66,0
LF:8
LH:0
BRF:0
BRH:0
end_of_record
TN:
SF:src\middleware\request-id.middleware.ts
FN:12,(anonymous_0)
FNF:1
FNH:0
FNDA:0,(anonymous_0)
DA:2,0
DA:12,0
DA:13,0
DA:14,0
DA:15,0
LF:5
LH:0
BRF:0
BRH:0
end_of_record
TN:
SF:src\middleware\security.middleware.ts
FN:6,(anonymous_1)
FN:11,(anonymous_2)
FN:13,(anonymous_3)
FN:27,(anonymous_4)
FN:40,(anonymous_5)
FN:43,(anonymous_6)
FNF:6
FNH:0
FNDA:0,(anonymous_1)
FNDA:0,(anonymous_2)
FNDA:0,(anonymous_3)
FNDA:0,(anonymous_4)
FNDA:0,(anonymous_5)
FNDA:0,(anonymous_6)
DA:2,0
DA:4,0
DA:7,0
DA:11,0
DA:12,0
DA:13,0
DA:14,0
DA:15,0
DA:24,0
DA:27,0
DA:28,0
DA:29,0
DA:30,0
DA:31,0
DA:33,0
DA:34,0
DA:37,0
DA:40,0
DA:41,0
DA:43,0
DA:44,0
DA:45,0
DA:49,0
LF:23
LH:0
BRDA:12,0,0,0
BRDA:12,0,1,0
BRDA:14,1,0,0
BRDA:14,1,1,0
BRDA:33,2,0,0
BRDA:33,2,1,0
BRDA:44,3,0,0
BRDA:44,3,1,0
BRDA:44,4,0,0
BRDA:44,4,1,0
BRF:10
BRH:0
end_of_record
TN:
SF:src\middleware\validate.middleware.ts
FN:5,(anonymous_0)
FN:6,(anonymous_1)
FN:13,(anonymous_2)
FN:29,(anonymous_3)
FN:30,(anonymous_4)
FN:37,(anonymous_5)
FN:53,(anonymous_6)
FN:54,(anonymous_7)
FN:61,(anonymous_8)
FNF:9
FNH:0
FNDA:0,(anonymous_0)
FNDA:0,(anonymous_1)
FNDA:0,(anonymous_2)
FNDA:0,(anonymous_3)
FNDA:0,(anonymous_4)
FNDA:0,(anonymous_5)
FNDA:0,(anonymous_6)
FNDA:0,(anonymous_7)
FNDA:0,(anonymous_8)
DA:2,0
DA:3,0
DA:5,0
DA:6,0
DA:7,0
DA:8,0
DA:9,0
DA:10,0
DA:12,0
DA:13,0
DA:18,0
DA:24,0
DA:29,0
DA:30,0
DA:31,0
DA:32,0
DA:33,0
DA:34,0
DA:36,0
DA:37,0
DA:42,0
DA:48,0
DA:53,0
DA:54,0
DA:55,0
DA:56,0
DA:57,0
DA:58,0
DA:60,0
DA:61,0
DA:66,0
DA:72,0
LF:32
LH:0
BRDA:12,0,0,0
BRDA:12,0,1,0
BRDA:19,1,0,0
BRDA:19,1,1,0
BRDA:36,2,0,0
BRDA:36,2,1,0
BRDA:43,3,0,0
BRDA:43,3,1,0
BRDA:60,4,0,0
BRDA:60,4,1,0
BRDA:67,5,0,0
BRDA:67,5,1,0
BRF:12
BRH:0
end_of_record
TN:
SF:src\models\project.model.ts
FN:7,(anonymous_0)
FN:38,(anonymous_1)
FN:44,(anonymous_2)
FN:63,(anonymous_3)
FN:74,(anonymous_4)
FN:80,(anonymous_5)
FN:86,(anonymous_6)
FNF:7
FNH:0
FNDA:0,(anonymous_0)
FNDA:0,(anonymous_1)
FNDA:0,(anonymous_2)
FNDA:0,(anonymous_3)
FNDA:0,(anonymous_4)
FNDA:0,(anonymous_5)
FNDA:0,(anonymous_6)
DA:4,0
DA:15,0
DA:36,0
DA:39,0
DA:46,0
DA:48,0
DA:52,0
DA:65,0
DA:66,0
DA:70,0
DA:74,0
DA:81,0
DA:87,0
LF:13
LH:0
BRDA:12,0,0,0
BRDA:46,1,0,0
BRDA:46,1,1,0
BRDA:65,2,0,0
BRDA:65,2,1,0
BRF:5
BRH:0
end_of_record
TN:
SF:src\models\user.model.ts
FN:7,(anonymous_0)
FN:32,(anonymous_1)
FN:42,(anonymous_2)
FN:52,(anonymous_3)
FNF:4
FNH:0
FNDA:0,(anonymous_0)
FNDA:0,(anonymous_1)
FNDA:0,(anonymous_2)
FNDA:0,(anonymous_3)
DA:1,0
DA:3,0
DA:16,0
DA:30,0
DA:33,0
DA:45,0
DA:48,0
DA:53,0
DA:54,0
DA:57,0
DA:58,0
DA:60,0
LF:12
LH:0
BRDA:13,0,0,0
BRDA:53,1,0,0
BRDA:53,1,1,0
BRDA:53,2,0,0
BRDA:53,2,1,0
BRDA:57,3,0,0
BRDA:57,3,1,0
BRF:7
BRH:0
end_of_record
TN:
SF:src\repositories\base.repository.ts
FN:9,(anonymous_1)
FN:13,(anonymous_2)
FN:21,(anonymous_3)
FN:31,(anonymous_4)
FN:42,(anonymous_5)
FN:52,(anonymous_6)
FNF:6
FNH:0
FNDA:0,(anonymous_1)
FNDA:0,(anonymous_2)
FNDA:0,(anonymous_3)
FNDA:0,(anonymous_4)
FNDA:0,(anonymous_5)
FNDA:0,(anonymous_6)
DA:1,0
DA:4,0
DA:7,0
DA:10,0
DA:14,0
DA:16,0
DA:18,0
DA:22,0
DA:26,0
DA:28,0
DA:32,0
DA:36,0
DA:38,0
DA:43,0
DA:47,0
DA:49,0
DA:53,0
DA:57,0
DA:59,0
LF:19
LH:0
BRDA:28,0,0,0
BRDA:28,0,1,0
BRF:2
BRH:0
end_of_record
TN:
SF:src\repositories\refresh-token.repository.ts
FN:19,(anonymous_1)
FN:23,(anonymous_2)
FN:44,(anonymous_3)
FN:56,(anonymous_4)
FN:68,(anonymous_5)
FN:77,(anonymous_6)
FN:80,(anonymous_7)
FN:92,(anonymous_8)
FN:104,(anonymous_9)
FN:115,(anonymous_10)
FN:127,(anonymous_11)
FNF:11
FNH:0
FNDA:0,(anonymous_1)
FNDA:0,(anonymous_2)
FNDA:0,(anonymous_3)
FNDA:0,(anonymous_4)
FNDA:0,(anonymous_5)
FNDA:0,(anonymous_6)
FNDA:0,(anonymous_7)
FNDA:0,(anonymous_8)
FNDA:0,(anonymous_9)
FNDA:0,(anonymous_10)
FNDA:0,(anonymous_11)
DA:1,0
DA:19,0
DA:20,0
DA:21,0
DA:24,0
DA:25,0
DA:27,0
DA:32,0
DA:41,0
DA:45,0
DA:49,0
DA:51,0
DA:53,0
DA:57,0
DA:61,0
DA:63,0
DA:65,0
DA:69,0
DA:75,0
DA:77,0
DA:81,0
DA:87,0
DA:89,0
DA:93,0
DA:99,0
DA:101,0
DA:105,0
DA:110,0
DA:112,0
DA:116,0
DA:128,0
DA:132,0
LF:32
LH:0
BRDA:51,0,0,0
BRDA:51,0,1,0
BRDA:63,1,0,0
BRDA:63,1,1,0
BRDA:123,2,0,0
BRDA:123,2,1,0
BRF:6
BRH:0
end_of_record
TN:
SF:src\repositories\task.repository.ts
FN:8,(anonymous_0)
FN:14,(anonymous_1)
FN:55,(anonymous_2)
FN:138,(anonymous_3)
FN:148,(anonymous_4)
FN:158,(anonymous_5)
FN:168,(anonymous_6)
FN:178,(anonymous_7)
FN:193,(anonymous_8)
FN:252,(anonymous_9)
FN:253,(anonymous_10)
FN:285,(anonymous_11)
FN:289,(anonymous_12)
FNF:13
FNH:0
FNDA:0,(anonymous_0)
FNDA:0,(anonymous_1)
FNDA:0,(anonymous_2)
FNDA:0,(anonymous_3)
FNDA:0,(anonymous_4)
FNDA:0,(anonymous_5)
FNDA:0,(anonymous_6)
FNDA:0,(anonymous_7)
FNDA:0,(anonymous_8)
FNDA:0,(anonymous_9)
FNDA:0,(anonymous_10)
FNDA:0,(anonymous_11)
FNDA:0,(anonymous_12)
DA:2,0
DA:3,0
DA:6,0
DA:10,0
DA:16,0
DA:18,0
DA:23,0
DA:27,0
DA:37,0
DA:52,0
DA:57,0
DA:61,0
DA:62,0
DA:65,0
DA:66,0
DA:69,0
DA:70,0
DA:71,0
DA:75,0
DA:76,0
DA:77,0
DA:81,0
DA:82,0
DA:83,0
DA:87,0
DA:88,0
DA:89,0
DA:93,0
DA:94,0
DA:95,0
DA:99,0
DA:100,0
DA:101,0
DA:105,0
DA:106,0
DA:107,0
DA:111,0
DA:112,0
DA:115,0
DA:116,0
DA:121,0
DA:128,0
DA:131,0
DA:132,0
DA:135,0
DA:139,0
DA:143,0
DA:145,0
DA:149,0
DA:153,0
DA:155,0
DA:159,0
DA:163,0
DA:165,0
DA:169,0
DA:173,0
DA:175,0
DA:180,0
DA:186,0
DA:188,0
DA:190,0
DA:202,0
DA:203,0
DA:206,0
DA:207,0
DA:208,0
DA:212,0
DA:213,0
DA:214,0
DA:218,0
DA:219,0
DA:220,0
DA:224,0
DA:225,0
DA:226,0
DA:230,0
DA:231,0
DA:232,0
DA:233,0
DA:237,0
DA:240,0
DA:242,0
DA:246,0
DA:247,0
DA:249,0
DA:253,0
DA:283,0
DA:286,0
DA:300,0
DA:301,0
DA:303,0
DA:304,0
DA:305,0
DA:308,0
DA:309,0
DA:310,0
DA:313,0
DA:314,0
DA:315,0
DA:318,0
DA:319,0
DA:320,0
DA:323,0
DA:324,0
DA:325,0
DA:326,0
DA:329,0
DA:330,0
DA:332,0
DA:333,0
DA:334,0
DA:335,0
DA:338,0
DA:340,0
DA:341,0
DA:343,0
DA:344,0
DA:345,0
DA:347,0
DA:348,0
DA:350,0
DA:352,0
DA:356,0
LF:123
LH:0
BRDA:23,0,0,0
BRDA:23,0,1,0
BRDA:40,1,0,0
BRDA:40,1,1,0
BRDA:41,2,0,0
BRDA:41,2,1,0
BRDA:42,3,0,0
BRDA:42,3,1,0
BRDA:44,4,0,0
BRDA:44,4,1,0
BRDA:45,5,0,0
BRDA:45,5,1,0
BRDA:61,6,0,0
BRDA:61,6,1,0
BRDA:69,7,0,0
BRDA:69,7,1,0
BRDA:75,8,0,0
BRDA:75,8,1,0
BRDA:81,9,0,0
BRDA:81,9,1,0
BRDA:87,10,0,0
BRDA:87,10,1,0
BRDA:93,11,0,0
BRDA:93,11,1,0
BRDA:99,12,0,0
BRDA:99,12,1,0
BRDA:105,13,0,0
BRDA:105,13,1,0
BRDA:115,14,0,0
BRDA:115,14,1,0
BRDA:206,15,0,0
BRDA:206,15,1,0
BRDA:212,16,0,0
BRDA:212,16,1,0
BRDA:218,17,0,0
BRDA:218,17,1,0
BRDA:224,18,0,0
BRDA:224,18,1,0
BRDA:230,19,0,0
BRDA:230,19,1,0
BRDA:240,20,0,0
BRDA:240,20,1,0
BRDA:257,21,0,0
BRDA:257,21,1,0
BRDA:260,22,0,0
BRDA:260,22,1,0
BRDA:303,23,0,0
BRDA:303,23,1,0
BRDA:308,24,0,0
BRDA:308,24,1,0
BRDA:313,25,0,0
BRDA:313,25,1,0
BRDA:318,26,0,0
BRDA:318,26,1,0
BRDA:323,27,0,0
BRDA:323,27,1,0
BRDA:332,28,0,0
BRDA:332,28,1,0
BRF:58
BRH:0
end_of_record
TN:
SF:src\repositories\user.repository.ts
FN:14,(anonymous_0)
FN:18,(anonymous_1)
FN:46,(anonymous_2)
FN:58,(anonymous_3)
FN:70,(anonymous_4)
FN:79,(anonymous_5)
FN:88,(anonymous_6)
FN:133,(anonymous_7)
FN:145,(anonymous_8)
FN:164,(anonymous_9)
FN:168,(anonymous_10)
FN:217,(anonymous_11)
FNF:12
FNH:0
FNDA:0,(anonymous_0)
FNDA:0,(anonymous_1)
FNDA:0,(anonymous_2)
FNDA:0,(anonymous_3)
FNDA:0,(anonymous_4)
FNDA:0,(anonymous_5)
FNDA:0,(anonymous_6)
FNDA:0,(anonymous_7)
FNDA:0,(anonymous_8)
FNDA:0,(anonymous_9)
FNDA:0,(anonymous_10)
FNDA:0,(anonymous_11)
DA:1,0
DA:2,0
DA:13,0
DA:15,0
DA:19,0
DA:20,0
DA:22,0
DA:30,0
DA:43,0
DA:47,0
DA:51,0
DA:53,0
DA:55,0
DA:59,0
DA:63,0
DA:65,0
DA:67,0
DA:71,0
DA:75,0
DA:76,0
DA:80,0
DA:84,0
DA:85,0
DA:89,0
DA:90,0
DA:92,0
DA:93,0
DA:94,0
DA:97,0
DA:98,0
DA:99,0
DA:102,0
DA:103,0
DA:104,0
DA:107,0
DA:108,0
DA:109,0
DA:112,0
DA:113,0
DA:114,0
DA:117,0
DA:118,0
DA:120,0
DA:121,0
DA:124,0
DA:125,0
DA:127,0
DA:128,0
DA:130,0
DA:134,0
DA:140,0
DA:142,0
DA:146,0
DA:162,0
DA:165,0
DA:177,0
DA:178,0
DA:180,0
DA:181,0
DA:182,0
DA:185,0
DA:186,0
DA:187,0
DA:190,0
DA:191,0
DA:192,0
DA:193,0
DA:196,0
DA:197,0
DA:199,0
DA:200,0
DA:201,0
DA:202,0
DA:205,0
DA:207,0
DA:208,0
DA:210,0
DA:211,0
DA:212,0
DA:214,0
DA:215,0
DA:217,0
DA:219,0
DA:223,0
LF:84
LH:0
BRDA:35,0,0,0
BRDA:35,0,1,0
BRDA:36,1,0,0
BRDA:36,1,1,0
BRDA:37,2,0,0
BRDA:37,2,1,0
BRDA:53,3,0,0
BRDA:53,3,1,0
BRDA:65,4,0,0
BRDA:65,4,1,0
BRDA:92,5,0,0
BRDA:92,5,1,0
BRDA:97,6,0,0
BRDA:97,6,1,0
BRDA:102,7,0,0
BRDA:102,7,1,0
BRDA:107,8,0,0
BRDA:107,8,1,0
BRDA:112,9,0,0
BRDA:112,9,1,0
BRDA:120,10,0,0
BRDA:120,10,1,0
BRDA:156,11,0,0
BRDA:156,11,1,0
BRDA:180,12,0,0
BRDA:180,12,1,0
BRDA:185,13,0,0
BRDA:185,13,1,0
BRDA:187,14,0,0
BRDA:187,14,1,0
BRDA:190,15,0,0
BRDA:190,15,1,0
BRDA:199,16,0,0
BRDA:199,16,1,0
BRF:34
BRH:0
end_of_record
TN:
SF:src\routes\auth.routes.ts
FNF:0
FNH:0
DA:1,0
DA:2,0
DA:3,0
DA:4,0
DA:5,0
DA:6,0
DA:134,0
DA:136,0
DA:137,0
DA:138,0
DA:139,0
DA:140,0
DA:142,0
LF:13
LH:0
BRF:0
BRH:0
end_of_record
TN:
SF:src\routes\index.ts
FNF:0
FNH:0
DA:1,0
DA:2,0
DA:3,0
DA:4,0
DA:5,0
DA:6,0
DA:7,0
DA:8,0
DA:9,0
DA:11,0
DA:13,0
DA:14,0
DA:15,0
DA:16,0
DA:18,0
DA:19,0
DA:20,0
DA:22,0
LF:18
LH:0
BRF:0
BRH:0
end_of_record
TN:
SF:src\routes\task.routes.ts
FNF:0
FNH:0
DA:1,0
DA:2,0
DA:3,0
DA:9,0
DA:10,0
DA:11,0
DA:180,0
DA:182,0
DA:184,0
DA:185,0
DA:186,0
DA:187,0
DA:188,0
DA:189,0
LF:14
LH:0
BRF:0
BRH:0
end_of_record
TN:
SF:src\routes\user.routes.ts
FNF:0
FNH:0
DA:1,0
DA:2,0
DA:3,0
DA:8,0
DA:9,0
DA:10,0
DA:11,0
DA:13,0
DA:15,0
DA:16,0
DA:17,0
DA:18,0
DA:19,0
DA:20,0
DA:21,0
DA:22,0
DA:24,0
LF:17
LH:0
BRF:0
BRH:0
end_of_record
TN:
SF:src\services\auth.service.ts
FN:20,(anonymous_1)
FN:69,(anonymous_2)
FN:117,(anonymous_3)
FN:175,(anonymous_4)
FN:185,(anonymous_5)
FNF:5
FNH:0
FNDA:0,(anonymous_1)
FNDA:0,(anonymous_2)
FNDA:0,(anonymous_3)
FNDA:0,(anonymous_4)
FNDA:0,(anonymous_5)
DA:1,0
DA:2,0
DA:3,0
DA:5,0
DA:6,0
DA:7,0
DA:8,0
DA:18,0
DA:21,0
DA:23,0
DA:24,0
DA:25,0
DA:28,0
DA:29,0
DA:30,0
DA:33,0
DA:34,0
DA:35,0
DA:42,0
DA:44,0
DA:52,0
DA:54,0
DA:56,0
DA:57,0
DA:64,0
DA:66,0
DA:74,0
DA:76,0
DA:77,0
DA:80,0
DA:81,0
DA:84,0
DA:86,0
DA:87,0
DA:90,0
DA:96,0
DA:97,0
DA:98,0
DA:99,0
DA:101,0
DA:106,0
DA:108,0
DA:110,0
DA:121,0
DA:123,0
DA:125,0
DA:126,0
DA:129,0
DA:130,0
DA:133,0
DA:134,0
DA:137,0
DA:139,0
DA:140,0
DA:143,0
DA:144,0
DA:147,0
DA:153,0
DA:154,0
DA:156,0
DA:158,0
DA:159,0
DA:161,0
DA:167,0
DA:169,0
DA:176,0
DA:178,0
DA:179,0
DA:182,0
DA:186,0
DA:188,0
LF:71
LH:0
BRDA:24,0,0,0
BRDA:24,0,1,0
BRDA:29,1,0,0
BRDA:29,1,1,0
BRDA:34,2,0,0
BRDA:34,2,1,0
BRDA:59,3,0,0
BRDA:59,3,1,0
BRDA:76,4,0,0
BRDA:76,4,1,0
BRDA:80,5,0,0
BRDA:80,5,1,0
BRDA:86,6,0,0
BRDA:86,6,1,0
BRDA:125,7,0,0
BRDA:125,7,1,0
BRDA:129,8,0,0
BRDA:129,8,1,0
BRDA:133,9,0,0
BRDA:133,9,1,0
BRDA:139,10,0,0
BRDA:139,10,1,0
BRDA:143,11,0,0
BRDA:143,11,1,0
BRDA:178,12,0,0
BRDA:178,12,1,0
BRF:26
BRH:0
end_of_record
TN:
SF:src\services\email.service.ts
FN:8,(anonymous_10)
FN:22,(anonymous_11)
FN:31,(anonymous_12)
FN:57,(anonymous_13)
FN:58,(anonymous_14)
FN:69,(anonymous_15)
FN:70,(anonymous_16)
FN:81,(anonymous_17)
FN:87,(anonymous_18)
FNF:9
FNH:0
FNDA:0,(anonymous_10)
FNDA:0,(anonymous_11)
FNDA:0,(anonymous_12)
FNDA:0,(anonymous_13)
FNDA:0,(anonymous_14)
FNDA:0,(anonymous_15)
FNDA:0,(anonymous_16)
FNDA:0,(anonymous_17)
FNDA:0,(anonymous_18)
DA:1,0
DA:2,0
DA:3,0
DA:9,0
DA:19,0
DA:23,0
DA:24,0
DA:25,0
DA:27,0
DA:37,0
DA:38,0
DA:46,0
DA:48,0
DA:50,0
DA:52,0
DA:53,0
DA:58,0
DA:59,0
DA:61,0
DA:70,0
DA:71,0
DA:73,0
DA:87,0
DA:88,0
DA:90,0
DA:99,0
LF:26
LH:0
BRF:0
BRH:0
end_of_record
TN:
SF:src\services\task.service.ts
FN:9,(anonymous_1)
FN:40,(anonymous_2)
FN:44,(anonymous_3)
FN:51,(anonymous_4)
FN:58,(anonymous_5)
FN:62,(anonymous_6)
FN:66,(anonymous_7)
FN:70,(anonymous_8)
FN:74,(anonymous_9)
FN:78,(anonymous_10)
FN:88,(anonymous_11)
FN:97,(anonymous_12)
FN:98,(anonymous_13)
FN:99,(anonymous_14)
FN:100,(anonymous_15)
FN:104,(anonymous_16)
FN:105,(anonymous_17)
FN:106,(anonymous_18)
FN:107,(anonymous_19)
FN:110,(anonymous_20)
FN:118,(anonymous_21)
FNF:21
FNH:0
FNDA:0,(anonymous_1)
FNDA:0,(anonymous_2)
FNDA:0,(anonymous_3)
FNDA:0,(anonymous_4)
FNDA:0,(anonymous_5)
FNDA:0,(anonymous_6)
FNDA:0,(anonymous_7)
FNDA:0,(anonymous_8)
FNDA:0,(anonymous_9)
FNDA:0,(anonymous_10)
FNDA:0,(anonymous_11)
FNDA:0,(anonymous_12)
FNDA:0,(anonymous_13)
FNDA:0,(anonymous_14)
FNDA:0,(anonymous_15)
FNDA:0,(anonymous_16)
FNDA:0,(anonymous_17)
FNDA:0,(anonymous_18)
FNDA:0,(anonymous_19)
FNDA:0,(anonymous_20)
FNDA:0,(anonymous_21)
DA:1,0
DA:2,0
DA:3,0
DA:4,0
DA:5,0
DA:7,0
DA:20,0
DA:22,0
DA:28,0
DA:34,0
DA:41,0
DA:48,0
DA:55,0
DA:59,0
DA:63,0
DA:67,0
DA:71,0
DA:75,0
DA:85,0
DA:89,0
DA:93,0
DA:97,0
DA:98,0
DA:99,0
DA:100,0
DA:104,0
DA:105,0
DA:106,0
DA:107,0
DA:111,0
DA:112,0
DA:113,0
DA:123,0
DA:125,0
DA:126,0
DA:129,0
DA:130,0
DA:133,0
DA:135,0
LF:39
LH:0
BRDA:89,0,0,0
BRDA:89,0,1,0
BRDA:111,1,0,0
BRDA:111,1,1,0
BRDA:112,2,0,0
BRDA:112,2,1,0
BRDA:112,3,0,0
BRDA:112,3,1,0
BRDA:125,4,0,0
BRDA:125,4,1,0
BRDA:129,5,0,0
BRDA:129,5,1,0
BRF:12
BRH:0
end_of_record
TN:
SF:src\services\user.service.ts
FN:24,(anonymous_1)
FN:35,(anonymous_2)
FN:71,(anonymous_3)
FN:116,(anonymous_4)
FN:119,(anonymous_5)
FN:137,(anonymous_6)
FN:154,(anonymous_7)
FN:171,(anonymous_8)
FN:200,(anonymous_9)
FNF:9
FNH:0
FNDA:0,(anonymous_1)
FNDA:0,(anonymous_2)
FNDA:0,(anonymous_3)
FNDA:0,(anonymous_4)
FNDA:0,(anonymous_5)
FNDA:0,(anonymous_6)
FNDA:0,(anonymous_7)
FNDA:0,(anonymous_8)
FNDA:0,(anonymous_9)
DA:1,0
DA:2,0
DA:3,0
DA:5,0
DA:6,0
DA:7,0
DA:8,0
DA:22,0
DA:25,0
DA:27,0
DA:28,0
DA:31,0
DA:32,0
DA:39,0
DA:41,0
DA:42,0
DA:45,0
DA:46,0
DA:47,0
DA:48,0
DA:52,0
DA:53,0
DA:54,0
DA:55,0
DA:59,0
DA:61,0
DA:62,0
DA:65,0
DA:67,0
DA:68,0
DA:75,0
DA:77,0
DA:78,0
DA:81,0
DA:86,0
DA:87,0
DA:90,0
DA:91,0
DA:98,0
DA:99,0
DA:100,0
DA:107,0
DA:109,0
DA:111,0
DA:113,0
DA:116,0
DA:120,0
DA:122,0
DA:123,0
DA:126,0
DA:128,0
DA:129,0
DA:132,0
DA:134,0
DA:146,0
DA:148,0
DA:154,0
DA:155,0
DA:156,0
DA:159,0
DA:165,0
DA:175,0
DA:177,0
DA:178,0
DA:181,0
DA:182,0
DA:183,0
DA:186,0
DA:190,0
DA:191,0
DA:194,0
DA:196,0
DA:197,0
DA:201,0
DA:203,0
DA:204,0
DA:207,0
DA:208,0
DA:211,0
DA:212,0
DA:214,0
DA:216,0
LF:82
LH:0
BRDA:27,0,0,0
BRDA:27,0,1,0
BRDA:41,1,0,0
BRDA:41,1,1,0
BRDA:45,2,0,0
BRDA:45,2,1,0
BRDA:45,3,0,0
BRDA:45,3,1,0
BRDA:47,4,0,0
BRDA:47,4,1,0
BRDA:52,5,0,0
BRDA:52,5,1,0
BRDA:52,6,0,0
BRDA:52,6,1,0
BRDA:54,7,0,0
BRDA:54,7,1,0
BRDA:61,8,0,0
BRDA:61,8,1,0
BRDA:77,9,0,0
BRDA:77,9,1,0
BRDA:86,10,0,0
BRDA:86,10,1,0
BRDA:90,11,0,0
BRDA:90,11,1,0
BRDA:99,12,0,0
BRDA:99,12,1,0
BRDA:115,13,0,0
BRDA:115,13,1,0
BRDA:122,14,0,0
BRDA:122,14,1,0
BRDA:128,15,0,0
BRDA:128,15,1,0
BRDA:177,16,0,0
BRDA:177,16,1,0
BRDA:181,17,0,0
BRDA:181,17,1,0
BRDA:190,18,0,0
BRDA:190,18,1,0
BRDA:203,19,0,0
BRDA:203,19,1,0
BRDA:207,20,0,0
BRDA:207,20,1,0
BRF:42
BRH:0
end_of_record
TN:
SF:src\utils\errors.ts
FN:6,(anonymous_0)
FN:24,(anonymous_1)
FN:35,(anonymous_2)
FN:44,(anonymous_3)
FN:53,(anonymous_4)
FN:62,(anonymous_5)
FNF:6
FNH:0
FNDA:0,(anonymous_0)
FNDA:0,(anonymous_1)
FNDA:0,(anonymous_2)
FNDA:0,(anonymous_3)
FNDA:0,(anonymous_4)
FNDA:0,(anonymous_5)
DA:1,0
DA:12,0
DA:13,0
DA:14,0
DA:15,0
DA:17,0
DA:21,0
DA:29,0
DA:30,0
DA:34,0
DA:39,0
DA:43,0
DA:48,0
DA:52,0
DA:57,0
DA:61,0
DA:66,0
LF:17
LH:0
BRDA:8,0,0,0
BRDA:10,1,0,0
BRDA:26,2,0,0
BRDA:27,3,0,0
BRDA:37,4,0,0
BRDA:46,5,0,0
BRDA:55,6,0,0
BRDA:64,7,0,0
BRF:8
BRH:0
end_of_record
TN:
SF:src\utils\file-upload.ts
FN:11,(anonymous_1)
FN:18,(anonymous_2)
FN:23,(anonymous_3)
FN:31,(anonymous_4)
FN:81,(anonymous_5)
FN:87,(anonymous_6)
FN:93,(anonymous_7)
FNF:7
FNH:0
FNDA:0,(anonymous_1)
FNDA:0,(anonymous_2)
FNDA:0,(anonymous_3)
FNDA:0,(anonymous_4)
FNDA:0,(anonymous_5)
FNDA:0,(anonymous_6)
FNDA:0,(anonymous_7)
DA:1,0
DA:2,0
DA:3,0
DA:5,0
DA:7,0
DA:8,0
DA:9,0
DA:11,0
DA:12,0
DA:13,0
DA:17,0
DA:19,0
DA:20,0
DA:21,0
DA:24,0
DA:25,0
DA:26,0
DA:27,0
DA:31,0
DA:32,0
DA:37,0
DA:39,0
DA:40,0
DA:41,0
DA:43,0
DA:46,0
DA:47,0
DA:48,0
DA:50,0
DA:55,0
DA:63,0
DA:71,0
DA:79,0
DA:82,0
DA:83,0
DA:88,0
DA:89,0
DA:90,0
DA:94,0
LF:39
LH:0
BRDA:12,0,0,0
BRDA:12,0,1,0
BRDA:19,1,0,0
BRDA:19,1,1,0
BRDA:20,2,0,0
BRDA:20,2,1,0
BRDA:39,3,0,0
BRDA:39,3,1,0
BRDA:40,4,0,0
BRDA:40,4,1,0
BRDA:47,5,0,0
BRDA:47,5,1,0
BRDA:82,6,0,0
BRDA:82,6,1,0
BRDA:94,7,0,0
BRDA:94,7,1,0
BRF:16
BRH:0
end_of_record
TN:
SF:src\utils\jwt.ts
FN:13,(anonymous_10)
FN:18,(anonymous_11)
FN:23,(anonymous_12)
FN:32,(anonymous_13)
FN:41,(anonymous_14)
FNF:5
FNH:5
FNDA:1,(anonymous_10)
FNDA:1,(anonymous_11)
FNDA:3,(anonymous_12)
FNDA:2,(anonymous_13)
FNDA:3,(anonymous_14)
DA:1,1
DA:3,1
DA:11,1
DA:14,1
DA:15,1
DA:19,1
DA:20,1
DA:24,3
DA:25,3
DA:26,1
DA:28,2
DA:33,2
DA:34,2
DA:35,1
DA:37,1
DA:42,3
DA:43,3
DA:44,2
DA:46,1
LF:19
LH:19
BRF:0
BRH:0
end_of_record
TN:
SF:src\utils\logger.ts
FN:11,(anonymous_1)
FN:51,(anonymous_2)
FNF:2
FNH:0
FNDA:0,(anonymous_1)
FNDA:0,(anonymous_2)
DA:1,0
DA:2,0
DA:3,0
DA:5,0
DA:7,0
DA:8,0
DA:11,0
DA:12,0
DA:13,0
DA:17,0
DA:50,0
DA:52,0
DA:56,0
LF:13
LH:0
BRDA:5,0,0,0
BRDA:5,0,1,0
BRDA:7,1,0,0
BRDA:7,1,1,0
BRDA:12,2,0,0
BRDA:12,2,1,0
BRDA:18,3,0,0
BRDA:18,3,1,0
BRF:8
BRH:0
end_of_record
TN:
SF:src\utils\pagination.ts
FN:26,(anonymous_0)
FN:40,(anonymous_1)
FN:44,(anonymous_2)
FN:61,(anonymous_3)
FNF:4
FNH:0
FNDA:0,(anonymous_0)
FNDA:0,(anonymous_1)
FNDA:0,(anonymous_2)
FNDA:0,(anonymous_3)
DA:20,0
DA:22,0
DA:23,0
DA:24,0
DA:30,0
DA:31,0
DA:33,0
DA:34,0
DA:35,0
DA:37,0
DA:41,0
DA:49,0
DA:51,0
DA:66,0
DA:67,0
DA:69,0
LF:16
LH:0
BRDA:30,0,0,0
BRDA:30,0,1,0
BRDA:31,1,0,0
BRDA:31,1,1,0
BRDA:33,2,0,0
BRDA:33,2,1,0
BRDA:34,3,0,0
BRDA:34,3,1,0
BRDA:35,4,0,0
BRDA:35,4,1,0
BRF:10
BRH:0
end_of_record
TN:
SF:src\utils\password.ts
FN:6,(anonymous_1)
FN:12,(anonymous_2)
FN:17,(anonymous_3)
FNF:3
FNH:3
FNDA:2,(anonymous_1)
FNDA:2,(anonymous_2)
FNDA:7,(anonymous_3)
DA:1,1
DA:2,1
DA:4,1
DA:7,2
DA:8,2
DA:9,1
DA:13,2
DA:14,2
DA:18,7
DA:20,7
DA:21,2
DA:24,7
DA:25,1
DA:28,7
DA:29,2
DA:32,7
DA:33,1
DA:36,7
DA:37,2
DA:40,7
LF:20
LH:20
BRDA:20,0,0,2
BRDA:20,0,1,5
BRDA:24,1,0,1
BRDA:24,1,1,6
BRDA:28,2,0,2
BRDA:28,2,1,5
BRDA:32,3,0,1
BRDA:32,3,1,6
BRDA:36,4,0,2
BRDA:36,4,1,5
BRF:10
BRH:10
end_of_record
TN:
SF:src\utils\scheduler.ts
FN:11,(anonymous_10)
FN:14,(anonymous_11)
FN:25,(anonymous_12)
FN:42,(anonymous_13)
FN:50,(anonymous_14)
FN:57,(anonymous_15)
FN:65,(anonymous_16)
FN:72,(anonymous_17)
FN:75,(anonymous_18)
FNF:9
FNH:0
FNDA:0,(anonymous_10)
FNDA:0,(anonymous_11)
FNDA:0,(anonymous_12)
FNDA:0,(anonymous_13)
FNDA:0,(anonymous_14)
FNDA:0,(anonymous_15)
FNDA:0,(anonymous_16)
FNDA:0,(anonymous_17)
FNDA:0,(anonymous_18)
DA:1,0
DA:2,0
DA:11,0
DA:12,0
DA:15,0
DA:16,0
DA:17,0
DA:20,0
DA:21,0
DA:22,0
DA:25,0
DA:26,0
DA:27,0
DA:29,0
DA:30,0
DA:31,0
DA:32,0
DA:34,0
DA:38,0
DA:39,0
DA:43,0
DA:44,0
DA:45,0
DA:46,0
DA:47,0
DA:50,0
DA:51,0
DA:52,0
DA:58,0
DA:59,0
DA:60,0
DA:61,0
DA:62,0
DA:65,0
DA:66,0
DA:67,0
DA:73,0
DA:75,0
DA:76,0
DA:82,0
DA:86,0
LF:41
LH:0
BRDA:15,0,0,0
BRDA:15,0,1,0
BRDA:20,1,0,0
BRDA:20,1,1,0
BRDA:43,2,0,0
BRDA:43,2,1,0
BRDA:45,3,0,0
BRDA:45,3,1,0
BRDA:58,4,0,0
BRDA:58,4,1,0
BRDA:60,5,0,0
BRDA:60,5,1,0
BRF:12
BRH:0
end_of_record
TN:
SF:src\validation\task.validation.ts
FN:48,(anonymous_0)
FNF:1
FNH:0
FNDA:0,(anonymous_0)
DA:1,0
DA:2,0
DA:4,0
DA:6,0
DA:8,0
DA:40,0
DA:48,0
DA:52,0
DA:56,0
LF:9
LH:0
BRF:0
BRH:0
end_of_record
TN:
SF:src\validation\user.validation.ts
FN:106,(anonymous_0)
FNF:1
FNH:0
FNDA:0,(anonymous_0)
DA:1,1
DA:3,1
DA:47,1
DA:65,1
DA:76,1
DA:106,0
DA:110,1
DA:125,1
LF:8
LH:7
BRF:0
BRH:0
end_of_record
